<?xml version="1.0" encoding="UTF-8"?>
<!-- Generated by org.testng.reporters.JUnitReportReporter -->
<testsuite hostname="LTIN234996" name="com.demong.NewTest" tests="1" failures="0" timestamp="16 Aug 2021 03:55:33 GMT" time="19.183" errors="0">
  <testcase name="f" time="19.183" classname="com.demong.NewTest"/>
</testsuite> <!-- com.demong.NewTest -->
